# JRE version: OpenJDK Runtime Environment (8.0_152-b02) (build 1.8.0_152-release-1024-b02)
# Java VM: OpenJDK 64-Bit Server VM (25.152-b02 mixed mode windows-amd64 compressed oops)
Heap:
 PSYoungGen      total 175104K, used 83218K [0x00000000e0000000, 0x00000000ec280000, 0x0000000100000000)
  eden space 161280K, 45% used [0x00000000e0000000,0x00000000e47b2000,0x00000000e9d80000)
  from space 13824K, 70% used [0x00000000eb500000,0x00000000ebe92aa0,0x00000000ec280000)
  to   space 18944K, 0% used [0x00000000e9d80000,0x00000000e9d80000,0x00000000eb000000)
 ParOldGen       total 99328K, used 44415K [0x00000000a0000000, 0x00000000a6100000, 0x00000000e0000000)
  object space 99328K, 44% used [0x00000000a0000000,0x00000000a2b5fc50,0x00000000a6100000)
 Metaspace       used 63178K, capacity 65630K, committed 65664K, reserved 1105920K
  class space    used 8459K, capacity 9086K, committed 9088K, reserved 1048576K
GC Heap History (10 events):
Event: 19.934 GC heap before
{Heap before GC invocations=15 (full 2):
 PSYoungGen      total 125952K, used 125942K [0x00000000e0000000, 0x00000000e9600000, 0x0000000100000000)
  eden space 116736K, 100% used [0x00000000e0000000,0x00000000e7200000,0x00000000e7200000)
  from space 9216K, 99% used [0x00000000e8d00000,0x00000000e95fd9b0,0x00000000e9600000)
  to   space 10752K, 0% used [0x00000000e8100000,0x00000000e8100000,0x00000000e8b80000)
 ParOldGen       total 52736K, used 18584K [0x00000000a0000000, 0x00000000a3380000, 0x00000000e0000000)
  object space 52736K, 35% used [0x00000000a0000000,0x00000000a1226340,0x00000000a3380000)
 Metaspace       used 51546K, capacity 53250K, committed 53376K, reserved 1095680K
  class space    used 7085K, capacity 7551K, committed 7552K, reserved 1048576K
Event: 19.954 GC heap after
Heap after GC invocations=15 (full 2):
 PSYoungGen      total 142848K, used 10746K [0x00000000e0000000, 0x00000000ea880000, 0x0000000100000000)
  eden space 132096K, 0% used [0x00000000e0000000,0x00000000e0000000,0x00000000e8100000)
  from space 10752K, 99% used [0x00000000e8100000,0x00000000e8b7e8a0,0x00000000e8b80000)
  to   space 14848K, 0% used [0x00000000e9a00000,0x00000000e9a00000,0x00000000ea880000)
 ParOldGen       total 52736K, used 26180K [0x00000000a0000000, 0x00000000a3380000, 0x00000000e0000000)
  object space 52736K, 49% used [0x00000000a0000000,0x00000000a19911b0,0x00000000a3380000)
 Metaspace       used 51546K, capacity 53250K, committed 53376K, reserved 1095680K
  class space    used 7085K, capacity 7551K, committed 7552K, reserved 1048576K
}
Event: 21.382 GC heap before
{Heap before GC invocations=16 (full 2):
 PSYoungGen      total 142848K, used 142842K [0x00000000e0000000, 0x00000000ea880000, 0x0000000100000000)
  eden space 132096K, 100% used [0x00000000e0000000,0x00000000e8100000,0x00000000e8100000)
  from space 10752K, 99% used [0x00000000e8100000,0x00000000e8b7e8a0,0x00000000e8b80000)
  to   space 14848K, 0% used [0x00000000e9a00000,0x00000000e9a00000,0x00000000ea880000)
 ParOldGen       total 52736K, used 26180K [0x00000000a0000000, 0x00000000a3380000, 0x00000000e0000000)
  object space 52736K, 49% used [0x00000000a0000000,0x00000000a19911b0,0x00000000a3380000)
 Metaspace       used 54031K, capacity 55778K, committed 55808K, reserved 1097728K
  class space    used 7478K, capacity 7910K, committed 7936K, reserved 1048576K
Event: 21.412 GC heap after
Heap after GC invocations=16 (full 2):
 PSYoungGen      total 152576K, used 14818K [0x00000000e0000000, 0x00000000ec500000, 0x0000000100000000)
  eden space 137728K, 0% used [0x00000000e0000000,0x00000000e0000000,0x00000000e8680000)
  from space 14848K, 99% used [0x00000000e9a00000,0x00000000ea878b20,0x00000000ea880000)
  to   space 19968K, 0% used [0x00000000e8680000,0x00000000e8680000,0x00000000e9a00000)
 ParOldGen       total 52736K, used 33196K [0x00000000a0000000, 0x00000000a3380000, 0x00000000e0000000)
  object space 52736K, 62% used [0x00000000a0000000,0x00000000a206b190,0x00000000a3380000)
 Metaspace       used 54031K, capacity 55778K, committed 55808K, reserved 1097728K
  class space    used 7478K, capacity 7910K, committed 7936K, reserved 1048576K
}
Event: 25.263 GC heap before
{Heap before GC invocations=17 (full 2):
 PSYoungGen      total 152576K, used 76710K [0x00000000e0000000, 0x00000000ec500000, 0x0000000100000000)
  eden space 137728K, 44% used [0x00000000e0000000,0x00000000e3c71010,0x00000000e8680000)
  from space 14848K, 99% used [0x00000000e9a00000,0x00000000ea878b20,0x00000000ea880000)
  to   space 19968K, 0% used [0x00000000e8680000,0x00000000e8680000,0x00000000e9a00000)
 ParOldGen       total 52736K, used 33196K [0x00000000a0000000, 0x00000000a3380000, 0x00000000e0000000)
  object space 52736K, 62% used [0x00000000a0000000,0x00000000a206b190,0x00000000a3380000)
 Metaspace       used 56879K, capacity 58918K, committed 59028K, reserved 1099776K
  class space    used 7791K, capacity 8342K, committed 8448K, reserved 1048576K
Event: 25.296 GC heap after
Heap after GC invocations=17 (full 2):
 PSYoungGen      total 157696K, used 4267K [0x00000000e0000000, 0x00000000ec800000, 0x0000000100000000)
  eden space 137728K, 0% used [0x00000000e0000000,0x00000000e0000000,0x00000000e8680000)
  from space 19968K, 21% used [0x00000000e8680000,0x00000000e8aaaf90,0x00000000e9a00000)
  to   space 19456K, 0% used [0x00000000eb500000,0x00000000eb500000,0x00000000ec800000)
 ParOldGen       total 52736K, used 47382K [0x00000000a0000000, 0x00000000a3380000, 0x00000000e0000000)
  object space 52736K, 89% used [0x00000000a0000000,0x00000000a2e45a40,0x00000000a3380000)
 Metaspace       used 56879K, capacity 58918K, committed 59028K, reserved 1099776K
  class space    used 7791K, capacity 8342K, committed 8448K, reserved 1048576K
}
Event: 25.296 GC heap before
{Heap before GC invocations=18 (full 3):
 PSYoungGen      total 157696K, used 4267K [0x00000000e0000000, 0x00000000ec800000, 0x0000000100000000)
  eden space 137728K, 0% used [0x00000000e0000000,0x00000000e0000000,0x00000000e8680000)
  from space 19968K, 21% used [0x00000000e8680000,0x00000000e8aaaf90,0x00000000e9a00000)
  to   space 19456K, 0% used [0x00000000eb500000,0x00000000eb500000,0x00000000ec800000)
 ParOldGen       total 52736K, used 47382K [0x00000000a0000000, 0x00000000a3380000, 0x00000000e0000000)
  object space 52736K, 89% used [0x00000000a0000000,0x00000000a2e45a40,0x00000000a3380000)
 Metaspace       used 56879K, capacity 58918K, committed 59028K, reserved 1099776K
  class space    used 7791K, capacity 8342K, committed 8448K, reserved 1048576K
Event: 25.646 GC heap after
Heap after GC invocations=18 (full 3):
 PSYoungGen      total 157696K, used 0K [0x00000000e0000000, 0x00000000ec800000, 0x0000000100000000)
  eden space 137728K, 0% used [0x00000000e0000000,0x00000000e0000000,0x00000000e8680000)
  from space 19968K, 0% used [0x00000000e8680000,0x00000000e8680000,0x00000000e9a00000)
  to   space 19456K, 0% used [0x00000000eb500000,0x00000000eb500000,0x00000000ec800000)
 ParOldGen       total 99328K, used 44407K [0x00000000a0000000, 0x00000000a6100000, 0x00000000e0000000)
  object space 99328K, 44% used [0x00000000a0000000,0x00000000a2b5dc50,0x00000000a6100000)
 Metaspace       used 56879K, capacity 58918K, committed 59028K, reserved 1099776K
  class space    used 7791K, capacity 8342K, committed 8448K, reserved 1048576K
}
Event: 350.849 GC heap before
{Heap before GC invocations=19 (full 3):
 PSYoungGen      total 157696K, used 137728K [0x00000000e0000000, 0x00000000ec800000, 0x0000000100000000)
  eden space 137728K, 100% used [0x00000000e0000000,0x00000000e8680000,0x00000000e8680000)
  from space 19968K, 0% used [0x00000000e8680000,0x00000000e8680000,0x00000000e9a00000)
  to   space 19456K, 0% used [0x00000000eb500000,0x00000000eb500000,0x00000000ec800000)
 ParOldGen       total 99328K, used 44407K [0x00000000a0000000, 0x00000000a6100000, 0x00000000e0000000)
  object space 99328K, 44% used [0x00000000a0000000,0x00000000a2b5dc50,0x00000000a6100000)
 Metaspace       used 62732K, capacity 65148K, committed 65408K, reserved 1105920K
  class space    used 8418K, capacity 9005K, committed 9088K, reserved 1048576K
Event: 350.881 GC heap after
Heap after GC invocations=19 (full 3):
 PSYoungGen      total 175104K, used 9802K [0x00000000e0000000, 0x00000000ec280000, 0x0000000100000000)
  eden space 161280K, 0% used [0x00000000e0000000,0x00000000e0000000,0x00000000e9d80000)
  from space 13824K, 70% used [0x00000000eb500000,0x00000000ebe92aa0,0x00000000ec280000)
  to   space 18944K, 0% used [0x00000000e9d80000,0x00000000e9d80000,0x00000000eb000000)
 ParOldGen       total 99328K, used 44415K [0x00000000a0000000, 0x00000000a6100000, 0x00000000e0000000)
  object space 99328K, 44% used [0x00000000a0000000,0x00000000a2b5fc50,0x00000000a6100000)
 Metaspace       used 62732K, capacity 65148K, committed 65408K, reserved 1105920K
  class space    used 8418K, capacity 9005K, committed 9088K, reserved 1048576K
}

