# JRE version: OpenJDK Runtime Environment (8.0_152-b02) (build 1.8.0_152-release-1024-b02)
# Java VM: OpenJDK 64-Bit Server VM (25.152-b02 mixed mode windows-amd64 compressed oops)
Heap:
 PSYoungGen      total 111616K, used 40237K [0x00000000e0000000, 0x00000000e8680000, 0x0000000100000000)
  eden space 109568K, 34% used [0x00000000e0000000,0x00000000e2553538,0x00000000e6b00000)
  from space 2048K, 98% used [0x00000000e8480000,0x00000000e8678010,0x00000000e8680000)
  to   space 8704K, 0% used [0x00000000e7c00000,0x00000000e7c00000,0x00000000e8480000)
 ParOldGen       total 67072K, used 29258K [0x00000000a0000000, 0x00000000a4180000, 0x00000000e0000000)
  object space 67072K, 43% used [0x00000000a0000000,0x00000000a1c92ac8,0x00000000a4180000)
 Metaspace       used 46108K, capacity 47054K, committed 47360K, reserved 1089536K
  class space    used 6275K, capacity 6562K, committed 6656K, reserved 1048576K
GC Heap History (10 events):
Event: 6.143 GC heap before
{Heap before GC invocations=8 (full 1):
 PSYoungGen      total 72192K, used 5760K [0x00000000e0000000, 0x00000000e8e00000, 0x0000000100000000)
  eden space 64512K, 0% used [0x00000000e0000000,0x00000000e0000000,0x00000000e3f00000)
  from space 7680K, 75% used [0x00000000e3f00000,0x00000000e44a02b0,0x00000000e4680000)
  to   space 8192K, 0% used [0x00000000e8600000,0x00000000e8600000,0x00000000e8e00000)
 ParOldGen       total 44032K, used 7428K [0x00000000a0000000, 0x00000000a2b00000, 0x00000000e0000000)
  object space 44032K, 16% used [0x00000000a0000000,0x00000000a0741030,0x00000000a2b00000)
 Metaspace       used 20803K, capacity 21200K, committed 21248K, reserved 1067008K
  class space    used 2902K, capacity 3038K, committed 3072K, reserved 1048576K
Event: 6.245 GC heap after
Heap after GC invocations=8 (full 1):
 PSYoungGen      total 72192K, used 0K [0x00000000e0000000, 0x00000000e8e00000, 0x0000000100000000)
  eden space 64512K, 0% used [0x00000000e0000000,0x00000000e0000000,0x00000000e3f00000)
  from space 7680K, 0% used [0x00000000e3f00000,0x00000000e3f00000,0x00000000e4680000)
  to   space 8192K, 0% used [0x00000000e8600000,0x00000000e8600000,0x00000000e8e00000)
 ParOldGen       total 37888K, used 7980K [0x00000000a0000000, 0x00000000a2500000, 0x00000000e0000000)
  object space 37888K, 21% used [0x00000000a0000000,0x00000000a07cb140,0x00000000a2500000)
 Metaspace       used 20803K, capacity 21200K, committed 21248K, reserved 1067008K
  class space    used 2902K, capacity 3038K, committed 3072K, reserved 1048576K
}
Event: 8.710 GC heap before
{Heap before GC invocations=9 (full 1):
 PSYoungGen      total 72192K, used 64512K [0x00000000e0000000, 0x00000000e8e00000, 0x0000000100000000)
  eden space 64512K, 100% used [0x00000000e0000000,0x00000000e3f00000,0x00000000e3f00000)
  from space 7680K, 0% used [0x00000000e3f00000,0x00000000e3f00000,0x00000000e4680000)
  to   space 8192K, 0% used [0x00000000e8600000,0x00000000e8600000,0x00000000e8e00000)
 ParOldGen       total 37888K, used 7980K [0x00000000a0000000, 0x00000000a2500000, 0x00000000e0000000)
  object space 37888K, 21% used [0x00000000a0000000,0x00000000a07cb140,0x00000000a2500000)
 Metaspace       used 26531K, capacity 27056K, committed 27136K, reserved 1073152K
  class space    used 3659K, capacity 3829K, committed 3840K, reserved 1048576K
Event: 8.724 GC heap after
Heap after GC invocations=9 (full 1):
 PSYoungGen      total 97280K, used 7154K [0x00000000e0000000, 0x00000000e8d00000, 0x0000000100000000)
  eden space 90112K, 0% used [0x00000000e0000000,0x00000000e0000000,0x00000000e5800000)
  from space 7168K, 99% used [0x00000000e8600000,0x00000000e8cfcac0,0x00000000e8d00000)
  to   space 8704K, 0% used [0x00000000e7c00000,0x00000000e7c00000,0x00000000e8480000)
 ParOldGen       total 37888K, used 7988K [0x00000000a0000000, 0x00000000a2500000, 0x00000000e0000000)
  object space 37888K, 21% used [0x00000000a0000000,0x00000000a07cd140,0x00000000a2500000)
 Metaspace       used 26531K, capacity 27056K, committed 27136K, reserved 1073152K
  class space    used 3659K, capacity 3829K, committed 3840K, reserved 1048576K
}
Event: 13.821 GC heap before
{Heap before GC invocations=10 (full 1):
 PSYoungGen      total 97280K, used 94894K [0x00000000e0000000, 0x00000000e8d00000, 0x0000000100000000)
  eden space 90112K, 97% used [0x00000000e0000000,0x00000000e55af038,0x00000000e5800000)
  from space 7168K, 99% used [0x00000000e8600000,0x00000000e8cfcac0,0x00000000e8d00000)
  to   space 8704K, 0% used [0x00000000e7c00000,0x00000000e7c00000,0x00000000e8480000)
 ParOldGen       total 37888K, used 7988K [0x00000000a0000000, 0x00000000a2500000, 0x00000000e0000000)
  object space 37888K, 21% used [0x00000000a0000000,0x00000000a07cd140,0x00000000a2500000)
 Metaspace       used 34673K, capacity 35246K, committed 35416K, reserved 1079296K
  class space    used 4784K, capacity 4967K, committed 4992K, reserved 1048576K
Event: 13.839 GC heap after
Heap after GC invocations=10 (full 1):
 PSYoungGen      total 118272K, used 8698K [0x00000000e0000000, 0x00000000e8680000, 0x0000000100000000)
  eden space 109568K, 0% used [0x00000000e0000000,0x00000000e0000000,0x00000000e6b00000)
  from space 8704K, 99% used [0x00000000e7c00000,0x00000000e847eaa0,0x00000000e8480000)
  to   space 2048K, 0% used [0x00000000e8480000,0x00000000e8480000,0x00000000e8680000)
 ParOldGen       total 37888K, used 12081K [0x00000000a0000000, 0x00000000a2500000, 0x00000000e0000000)
  object space 37888K, 31% used [0x00000000a0000000,0x00000000a0bcc4b8,0x00000000a2500000)
 Metaspace       used 34673K, capacity 35246K, committed 35416K, reserved 1079296K
  class space    used 4784K, capacity 4967K, committed 4992K, reserved 1048576K
}
Event: 13.839 GC heap before
{Heap before GC invocations=11 (full 2):
 PSYoungGen      total 118272K, used 8698K [0x00000000e0000000, 0x00000000e8680000, 0x0000000100000000)
  eden space 109568K, 0% used [0x00000000e0000000,0x00000000e0000000,0x00000000e6b00000)
  from space 8704K, 99% used [0x00000000e7c00000,0x00000000e847eaa0,0x00000000e8480000)
  to   space 2048K, 0% used [0x00000000e8480000,0x00000000e8480000,0x00000000e8680000)
 ParOldGen       total 37888K, used 12081K [0x00000000a0000000, 0x00000000a2500000, 0x00000000e0000000)
  object space 37888K, 31% used [0x00000000a0000000,0x00000000a0bcc4b8,0x00000000a2500000)
 Metaspace       used 34673K, capacity 35246K, committed 35416K, reserved 1079296K
  class space    used 4784K, capacity 4967K, committed 4992K, reserved 1048576K
Event: 13.959 GC heap after
Heap after GC invocations=11 (full 2):
 PSYoungGen      total 118272K, used 0K [0x00000000e0000000, 0x00000000e8680000, 0x0000000100000000)
  eden space 109568K, 0% used [0x00000000e0000000,0x00000000e0000000,0x00000000e6b00000)
  from space 8704K, 0% used [0x00000000e7c00000,0x00000000e7c00000,0x00000000e8480000)
  to   space 2048K, 0% used [0x00000000e8480000,0x00000000e8480000,0x00000000e8680000)
 ParOldGen       total 67072K, used 19193K [0x00000000a0000000, 0x00000000a4180000, 0x00000000e0000000)
  object space 67072K, 28% used [0x00000000a0000000,0x00000000a12be520,0x00000000a4180000)
 Metaspace       used 34673K, capacity 35246K, committed 35416K, reserved 1079296K
  class space    used 4784K, capacity 4967K, committed 4992K, reserved 1048576K
}
Event: 20.110 GC heap before
{Heap before GC invocations=12 (full 2):
 PSYoungGen      total 118272K, used 109568K [0x00000000e0000000, 0x00000000e8680000, 0x0000000100000000)
  eden space 109568K, 100% used [0x00000000e0000000,0x00000000e6b00000,0x00000000e6b00000)
  from space 8704K, 0% used [0x00000000e7c00000,0x00000000e7c00000,0x00000000e8480000)
  to   space 2048K, 0% used [0x00000000e8480000,0x00000000e8480000,0x00000000e8680000)
 ParOldGen       total 67072K, used 19193K [0x00000000a0000000, 0x00000000a4180000, 0x00000000e0000000)
  object space 67072K, 28% used [0x00000000a0000000,0x00000000a12be520,0x00000000a4180000)
 Metaspace       used 41413K, capacity 42232K, committed 42368K, reserved 1085440K
  class space    used 5669K, capacity 5933K, committed 6016K, reserved 1048576K
Event: 20.132 GC heap after
Heap after GC invocations=12 (full 2):
 PSYoungGen      total 111616K, used 2016K [0x00000000e0000000, 0x00000000e8680000, 0x0000000100000000)
  eden space 109568K, 0% used [0x00000000e0000000,0x00000000e0000000,0x00000000e6b00000)
  from space 2048K, 98% used [0x00000000e8480000,0x00000000e8678010,0x00000000e8680000)
  to   space 8704K, 0% used [0x00000000e7c00000,0x00000000e7c00000,0x00000000e8480000)
 ParOldGen       total 67072K, used 29258K [0x00000000a0000000, 0x00000000a4180000, 0x00000000e0000000)
  object space 67072K, 43% used [0x00000000a0000000,0x00000000a1c92ac8,0x00000000a4180000)
 Metaspace       used 41413K, capacity 42232K, committed 42368K, reserved 1085440K
  class space    used 5669K, capacity 5933K, committed 6016K, reserved 1048576K
}

