# JRE version: OpenJDK Runtime Environment (8.0_152-b02) (build 1.8.0_152-release-1024-b02)
# Java VM: OpenJDK 64-Bit Server VM (25.152-b02 mixed mode windows-amd64 compressed oops)
Heap:
 PSYoungGen      total 111616K, used 41152K [0x00000000e0000000, 0x00000000e8d80000, 0x0000000100000000)
  eden space 102912K, 39% used [0x00000000e0000000,0x00000000e28300d0,0x00000000e6480000)
  from space 8704K, 0% used [0x00000000e7c80000,0x00000000e7c80000,0x00000000e8500000)
  to   space 7680K, 0% used [0x00000000e8600000,0x00000000e8600000,0x00000000e8d80000)
 ParOldGen       total 35328K, used 19149K [0x00000000a0000000, 0x00000000a2280000, 0x00000000e0000000)
  object space 35328K, 54% used [0x00000000a0000000,0x00000000a12b35f8,0x00000000a2280000)
 Metaspace       used 36521K, capacity 37150K, committed 37208K, reserved 1081344K
  class space    used 5000K, capacity 5201K, committed 5248K, reserved 1048576K
GC Heap History (10 events):
Event: 3.798 GC heap before
{Heap before GC invocations=7 (full 0):
 PSYoungGen      total 71168K, used 19790K [0x00000000e0000000, 0x00000000e4f00000, 0x0000000100000000)
  eden space 64512K, 20% used [0x00000000e0000000,0x00000000e0cd6b10,0x00000000e3f00000)
  from space 6656K, 99% used [0x00000000e4680000,0x00000000e4cfcf48,0x00000000e4d00000)
  to   space 7680K, 0% used [0x00000000e3f00000,0x00000000e3f00000,0x00000000e4680000)
 ParOldGen       total 44032K, used 6760K [0x00000000a0000000, 0x00000000a2b00000, 0x00000000e0000000)
  object space 44032K, 15% used [0x00000000a0000000,0x00000000a069a2e0,0x00000000a2b00000)
 Metaspace       used 20724K, capacity 21184K, committed 21248K, reserved 1067008K
  class space    used 2890K, capacity 3038K, committed 3072K, reserved 1048576K
Event: 3.806 GC heap after
Heap after GC invocations=7 (full 0):
 PSYoungGen      total 72192K, used 5584K [0x00000000e0000000, 0x00000000e8e00000, 0x0000000100000000)
  eden space 64512K, 0% used [0x00000000e0000000,0x00000000e0000000,0x00000000e3f00000)
  from space 7680K, 72% used [0x00000000e3f00000,0x00000000e44740d0,0x00000000e4680000)
  to   space 8192K, 0% used [0x00000000e8600000,0x00000000e8600000,0x00000000e8e00000)
 ParOldGen       total 44032K, used 7432K [0x00000000a0000000, 0x00000000a2b00000, 0x00000000e0000000)
  object space 44032K, 16% used [0x00000000a0000000,0x00000000a0742320,0x00000000a2b00000)
 Metaspace       used 20724K, capacity 21184K, committed 21248K, reserved 1067008K
  class space    used 2890K, capacity 3038K, committed 3072K, reserved 1048576K
}
Event: 3.806 GC heap before
{Heap before GC invocations=8 (full 1):
 PSYoungGen      total 72192K, used 5584K [0x00000000e0000000, 0x00000000e8e00000, 0x0000000100000000)
  eden space 64512K, 0% used [0x00000000e0000000,0x00000000e0000000,0x00000000e3f00000)
  from space 7680K, 72% used [0x00000000e3f00000,0x00000000e44740d0,0x00000000e4680000)
  to   space 8192K, 0% used [0x00000000e8600000,0x00000000e8600000,0x00000000e8e00000)
 ParOldGen       total 44032K, used 7432K [0x00000000a0000000, 0x00000000a2b00000, 0x00000000e0000000)
  object space 44032K, 16% used [0x00000000a0000000,0x00000000a0742320,0x00000000a2b00000)
 Metaspace       used 20724K, capacity 21184K, committed 21248K, reserved 1067008K
  class space    used 2890K, capacity 3038K, committed 3072K, reserved 1048576K
Event: 3.862 GC heap after
Heap after GC invocations=8 (full 1):
 PSYoungGen      total 72192K, used 0K [0x00000000e0000000, 0x00000000e8e00000, 0x0000000100000000)
  eden space 64512K, 0% used [0x00000000e0000000,0x00000000e0000000,0x00000000e3f00000)
  from space 7680K, 0% used [0x00000000e3f00000,0x00000000e3f00000,0x00000000e4680000)
  to   space 8192K, 0% used [0x00000000e8600000,0x00000000e8600000,0x00000000e8e00000)
 ParOldGen       total 35328K, used 8750K [0x00000000a0000000, 0x00000000a2280000, 0x00000000e0000000)
  object space 35328K, 24% used [0x00000000a0000000,0x00000000a088ba18,0x00000000a2280000)
 Metaspace       used 20724K, capacity 21184K, committed 21248K, reserved 1067008K
  class space    used 2890K, capacity 3038K, committed 3072K, reserved 1048576K
}
Event: 5.146 GC heap before
{Heap before GC invocations=9 (full 1):
 PSYoungGen      total 72192K, used 64512K [0x00000000e0000000, 0x00000000e8e00000, 0x0000000100000000)
  eden space 64512K, 100% used [0x00000000e0000000,0x00000000e3f00000,0x00000000e3f00000)
  from space 7680K, 0% used [0x00000000e3f00000,0x00000000e3f00000,0x00000000e4680000)
  to   space 8192K, 0% used [0x00000000e8600000,0x00000000e8600000,0x00000000e8e00000)
 ParOldGen       total 35328K, used 8750K [0x00000000a0000000, 0x00000000a2280000, 0x00000000e0000000)
  object space 35328K, 24% used [0x00000000a0000000,0x00000000a088ba18,0x00000000a2280000)
 Metaspace       used 26488K, capacity 26970K, committed 27136K, reserved 1073152K
  class space    used 3651K, capacity 3827K, committed 3840K, reserved 1048576K
Event: 5.168 GC heap after
Heap after GC invocations=9 (full 1):
 PSYoungGen      total 110592K, used 7362K [0x00000000e0000000, 0x00000000e8d80000, 0x0000000100000000)
  eden space 102912K, 0% used [0x00000000e0000000,0x00000000e0000000,0x00000000e6480000)
  from space 7680K, 95% used [0x00000000e8600000,0x00000000e8d30aa0,0x00000000e8d80000)
  to   space 8704K, 0% used [0x00000000e7c80000,0x00000000e7c80000,0x00000000e8500000)
 ParOldGen       total 35328K, used 8758K [0x00000000a0000000, 0x00000000a2280000, 0x00000000e0000000)
  object space 35328K, 24% used [0x00000000a0000000,0x00000000a088da18,0x00000000a2280000)
 Metaspace       used 26488K, capacity 26970K, committed 27136K, reserved 1073152K
  class space    used 3651K, capacity 3827K, committed 3840K, reserved 1048576K
}
Event: 8.110 GC heap before
{Heap before GC invocations=10 (full 1):
 PSYoungGen      total 110592K, used 96051K [0x00000000e0000000, 0x00000000e8d80000, 0x0000000100000000)
  eden space 102912K, 86% used [0x00000000e0000000,0x00000000e569c280,0x00000000e6480000)
  from space 7680K, 95% used [0x00000000e8600000,0x00000000e8d30aa0,0x00000000e8d80000)
  to   space 8704K, 0% used [0x00000000e7c80000,0x00000000e7c80000,0x00000000e8500000)
 ParOldGen       total 35328K, used 8758K [0x00000000a0000000, 0x00000000a2280000, 0x00000000e0000000)
  object space 35328K, 24% used [0x00000000a0000000,0x00000000a088da18,0x00000000a2280000)
 Metaspace       used 34609K, capacity 35166K, committed 35416K, reserved 1079296K
  class space    used 4774K, capacity 4967K, committed 4992K, reserved 1048576K
Event: 8.125 GC heap after
Heap after GC invocations=10 (full 1):
 PSYoungGen      total 111616K, used 8701K [0x00000000e0000000, 0x00000000e8d80000, 0x0000000100000000)
  eden space 102912K, 0% used [0x00000000e0000000,0x00000000e0000000,0x00000000e6480000)
  from space 8704K, 99% used [0x00000000e7c80000,0x00000000e84ff780,0x00000000e8500000)
  to   space 7680K, 0% used [0x00000000e8600000,0x00000000e8600000,0x00000000e8d80000)
 ParOldGen       total 35328K, used 12965K [0x00000000a0000000, 0x00000000a2280000, 0x00000000e0000000)
  object space 35328K, 36% used [0x00000000a0000000,0x00000000a0ca9568,0x00000000a2280000)
 Metaspace       used 34609K, capacity 35166K, committed 35416K, reserved 1079296K
  class space    used 4774K, capacity 4967K, committed 4992K, reserved 1048576K
}
Event: 8.125 GC heap before
{Heap before GC invocations=11 (full 2):
 PSYoungGen      total 111616K, used 8701K [0x00000000e0000000, 0x00000000e8d80000, 0x0000000100000000)
  eden space 102912K, 0% used [0x00000000e0000000,0x00000000e0000000,0x00000000e6480000)
  from space 8704K, 99% used [0x00000000e7c80000,0x00000000e84ff780,0x00000000e8500000)
  to   space 7680K, 0% used [0x00000000e8600000,0x00000000e8600000,0x00000000e8d80000)
 ParOldGen       total 35328K, used 12965K [0x00000000a0000000, 0x00000000a2280000, 0x00000000e0000000)
  object space 35328K, 36% used [0x00000000a0000000,0x00000000a0ca9568,0x00000000a2280000)
 Metaspace       used 34609K, capacity 35166K, committed 35416K, reserved 1079296K
  class space    used 4774K, capacity 4967K, committed 4992K, reserved 1048576K
Event: 8.222 GC heap after
Heap after GC invocations=11 (full 2):
 PSYoungGen      total 111616K, used 0K [0x00000000e0000000, 0x00000000e8d80000, 0x0000000100000000)
  eden space 102912K, 0% used [0x00000000e0000000,0x00000000e0000000,0x00000000e6480000)
  from space 8704K, 0% used [0x00000000e7c80000,0x00000000e7c80000,0x00000000e8500000)
  to   space 7680K, 0% used [0x00000000e8600000,0x00000000e8600000,0x00000000e8d80000)
 ParOldGen       total 35328K, used 19149K [0x00000000a0000000, 0x00000000a2280000, 0x00000000e0000000)
  object space 35328K, 54% used [0x00000000a0000000,0x00000000a12b35f8,0x00000000a2280000)
 Metaspace       used 34609K, capacity 35166K, committed 35416K, reserved 1079296K
  class space    used 4774K, capacity 4967K, committed 4992K, reserved 1048576K
}

