# JRE version: OpenJDK Runtime Environment (8.0_152-b02) (build 1.8.0_152-release-1024-b02)
# Java VM: OpenJDK 64-Bit Server VM (25.152-b02 mixed mode windows-amd64 compressed oops)
Heap:
 PSYoungGen      total 98304K, used 82956K [0x00000000e0000000, 0x00000000e8980000, 0x0000000100000000)
  eden space 89088K, 93% used [0x00000000e0000000,0x00000000e51032c8,0x00000000e5700000)
  from space 9216K, 0% used [0x00000000e5700000,0x00000000e5700000,0x00000000e6000000)
  to   space 9216K, 0% used [0x00000000e8080000,0x00000000e8080000,0x00000000e8980000)
 ParOldGen       total 51200K, used 16115K [0x00000000a0000000, 0x00000000a3200000, 0x00000000e0000000)
  object space 51200K, 31% used [0x00000000a0000000,0x00000000a0fbcd50,0x00000000a3200000)
 Metaspace       used 39571K, capacity 40348K, committed 40536K, reserved 1083392K
  class space    used 5386K, capacity 5640K, committed 5760K, reserved 1048576K
GC Heap History (10 events):
Event: 4.947 GC heap before
{Heap before GC invocations=9 (full 1):
 PSYoungGen      total 71680K, used 4774K [0x00000000e0000000, 0x00000000e4d00000, 0x0000000100000000)
  eden space 64512K, 0% used [0x00000000e0000000,0x00000000e0000000,0x00000000e3f00000)
  from space 7168K, 66% used [0x00000000e4600000,0x00000000e4aa98e8,0x00000000e4d00000)
  to   space 7168K, 0% used [0x00000000e3f00000,0x00000000e3f00000,0x00000000e4600000)
 ParOldGen       total 44032K, used 7313K [0x00000000a0000000, 0x00000000a2b00000, 0x00000000e0000000)
  object space 44032K, 16% used [0x00000000a0000000,0x00000000a07244c8,0x00000000a2b00000)
 Metaspace       used 20799K, capacity 21184K, committed 21248K, reserved 1067008K
  class space    used 2902K, capacity 3038K, committed 3072K, reserved 1048576K
Event: 5.015 GC heap after
Heap after GC invocations=9 (full 1):
 PSYoungGen      total 71680K, used 0K [0x00000000e0000000, 0x00000000e4d00000, 0x0000000100000000)
  eden space 64512K, 0% used [0x00000000e0000000,0x00000000e0000000,0x00000000e3f00000)
  from space 7168K, 0% used [0x00000000e4600000,0x00000000e4600000,0x00000000e4d00000)
  to   space 7168K, 0% used [0x00000000e3f00000,0x00000000e3f00000,0x00000000e4600000)
 ParOldGen       total 31744K, used 7894K [0x00000000a0000000, 0x00000000a1f00000, 0x00000000e0000000)
  object space 31744K, 24% used [0x00000000a0000000,0x00000000a07b5a68,0x00000000a1f00000)
 Metaspace       used 20799K, capacity 21184K, committed 21248K, reserved 1067008K
  class space    used 2902K, capacity 3038K, committed 3072K, reserved 1048576K
}
Event: 6.145 GC heap before
{Heap before GC invocations=10 (full 1):
 PSYoungGen      total 71680K, used 64512K [0x00000000e0000000, 0x00000000e4d00000, 0x0000000100000000)
  eden space 64512K, 100% used [0x00000000e0000000,0x00000000e3f00000,0x00000000e3f00000)
  from space 7168K, 0% used [0x00000000e4600000,0x00000000e4600000,0x00000000e4d00000)
  to   space 7168K, 0% used [0x00000000e3f00000,0x00000000e3f00000,0x00000000e4600000)
 ParOldGen       total 31744K, used 7894K [0x00000000a0000000, 0x00000000a1f00000, 0x00000000e0000000)
  object space 31744K, 24% used [0x00000000a0000000,0x00000000a07b5a68,0x00000000a1f00000)
 Metaspace       used 26567K, capacity 27040K, committed 27136K, reserved 1073152K
  class space    used 3666K, capacity 3829K, committed 3840K, reserved 1048576K
Event: 6.159 GC heap after
Heap after GC invocations=10 (full 1):
 PSYoungGen      total 71680K, used 7157K [0x00000000e0000000, 0x00000000e6800000, 0x0000000100000000)
  eden space 64512K, 0% used [0x00000000e0000000,0x00000000e0000000,0x00000000e3f00000)
  from space 7168K, 99% used [0x00000000e3f00000,0x00000000e45fd538,0x00000000e4600000)
  to   space 8192K, 0% used [0x00000000e6000000,0x00000000e6000000,0x00000000e6800000)
 ParOldGen       total 31744K, used 7984K [0x00000000a0000000, 0x00000000a1f00000, 0x00000000e0000000)
  object space 31744K, 25% used [0x00000000a0000000,0x00000000a07cc000,0x00000000a1f00000)
 Metaspace       used 26567K, capacity 27040K, committed 27136K, reserved 1073152K
  class space    used 3666K, capacity 3829K, committed 3840K, reserved 1048576K
}
Event: 7.660 GC heap before
{Heap before GC invocations=11 (full 1):
 PSYoungGen      total 71680K, used 71669K [0x00000000e0000000, 0x00000000e6800000, 0x0000000100000000)
  eden space 64512K, 100% used [0x00000000e0000000,0x00000000e3f00000,0x00000000e3f00000)
  from space 7168K, 99% used [0x00000000e3f00000,0x00000000e45fd538,0x00000000e4600000)
  to   space 8192K, 0% used [0x00000000e6000000,0x00000000e6000000,0x00000000e6800000)
 ParOldGen       total 31744K, used 7984K [0x00000000a0000000, 0x00000000a1f00000, 0x00000000e0000000)
  object space 31744K, 25% used [0x00000000a0000000,0x00000000a07cc000,0x00000000a1f00000)
 Metaspace       used 29905K, capacity 30350K, committed 30592K, reserved 1075200K
  class space    used 4188K, capacity 4354K, committed 4480K, reserved 1048576K
Event: 7.698 GC heap after
Heap after GC invocations=11 (full 1):
 PSYoungGen      total 97280K, used 8160K [0x00000000e0000000, 0x00000000e6a00000, 0x0000000100000000)
  eden space 89088K, 0% used [0x00000000e0000000,0x00000000e0000000,0x00000000e5700000)
  from space 8192K, 99% used [0x00000000e6000000,0x00000000e67f8108,0x00000000e6800000)
  to   space 9216K, 0% used [0x00000000e5700000,0x00000000e5700000,0x00000000e6000000)
 ParOldGen       total 31744K, used 8821K [0x00000000a0000000, 0x00000000a1f00000, 0x00000000e0000000)
  object space 31744K, 27% used [0x00000000a0000000,0x00000000a089d5d0,0x00000000a1f00000)
 Metaspace       used 29905K, capacity 30350K, committed 30592K, reserved 1075200K
  class space    used 4188K, capacity 4354K, committed 4480K, reserved 1048576K
}
Event: 8.871 GC heap before
{Heap before GC invocations=12 (full 1):
 PSYoungGen      total 97280K, used 33726K [0x00000000e0000000, 0x00000000e6a00000, 0x0000000100000000)
  eden space 89088K, 28% used [0x00000000e0000000,0x00000000e18f78b8,0x00000000e5700000)
  from space 8192K, 99% used [0x00000000e6000000,0x00000000e67f8108,0x00000000e6800000)
  to   space 9216K, 0% used [0x00000000e5700000,0x00000000e5700000,0x00000000e6000000)
 ParOldGen       total 31744K, used 8821K [0x00000000a0000000, 0x00000000a1f00000, 0x00000000e0000000)
  object space 31744K, 27% used [0x00000000a0000000,0x00000000a089d5d0,0x00000000a1f00000)
 Metaspace       used 34608K, capacity 35166K, committed 35416K, reserved 1079296K
  class space    used 4774K, capacity 4967K, committed 4992K, reserved 1048576K
Event: 8.884 GC heap after
Heap after GC invocations=12 (full 1):
 PSYoungGen      total 98304K, used 3899K [0x00000000e0000000, 0x00000000e8980000, 0x0000000100000000)
  eden space 89088K, 0% used [0x00000000e0000000,0x00000000e0000000,0x00000000e5700000)
  from space 9216K, 42% used [0x00000000e5700000,0x00000000e5acee60,0x00000000e6000000)
  to   space 9216K, 0% used [0x00000000e8080000,0x00000000e8080000,0x00000000e8980000)
 ParOldGen       total 31744K, used 14562K [0x00000000a0000000, 0x00000000a1f00000, 0x00000000e0000000)
  object space 31744K, 45% used [0x00000000a0000000,0x00000000a0e389a0,0x00000000a1f00000)
 Metaspace       used 34608K, capacity 35166K, committed 35416K, reserved 1079296K
  class space    used 4774K, capacity 4967K, committed 4992K, reserved 1048576K
}
Event: 8.884 GC heap before
{Heap before GC invocations=13 (full 2):
 PSYoungGen      total 98304K, used 3899K [0x00000000e0000000, 0x00000000e8980000, 0x0000000100000000)
  eden space 89088K, 0% used [0x00000000e0000000,0x00000000e0000000,0x00000000e5700000)
  from space 9216K, 42% used [0x00000000e5700000,0x00000000e5acee60,0x00000000e6000000)
  to   space 9216K, 0% used [0x00000000e8080000,0x00000000e8080000,0x00000000e8980000)
 ParOldGen       total 31744K, used 14562K [0x00000000a0000000, 0x00000000a1f00000, 0x00000000e0000000)
  object space 31744K, 45% used [0x00000000a0000000,0x00000000a0e389a0,0x00000000a1f00000)
 Metaspace       used 34608K, capacity 35166K, committed 35416K, reserved 1079296K
  class space    used 4774K, capacity 4967K, committed 4992K, reserved 1048576K
Event: 8.953 GC heap after
Heap after GC invocations=13 (full 2):
 PSYoungGen      total 98304K, used 0K [0x00000000e0000000, 0x00000000e8980000, 0x0000000100000000)
  eden space 89088K, 0% used [0x00000000e0000000,0x00000000e0000000,0x00000000e5700000)
  from space 9216K, 0% used [0x00000000e5700000,0x00000000e5700000,0x00000000e6000000)
  to   space 9216K, 0% used [0x00000000e8080000,0x00000000e8080000,0x00000000e8980000)
 ParOldGen       total 51200K, used 16115K [0x00000000a0000000, 0x00000000a3200000, 0x00000000e0000000)
  object space 51200K, 31% used [0x00000000a0000000,0x00000000a0fbcd50,0x00000000a3200000)
 Metaspace       used 34608K, capacity 35166K, committed 35416K, reserved 1079296K
  class space    used 4774K, capacity 4967K, committed 4992K, reserved 1048576K
}

