# JRE version: OpenJDK Runtime Environment (8.0_152-b02) (build 1.8.0_152-release-1024-b02)
# Java VM: OpenJDK 64-Bit Server VM (25.152-b02 mixed mode windows-amd64 compressed oops)
Heap:
 PSYoungGen      total 103424K, used 58079K [0x00000000e0000000, 0x00000000e8c80000, 0x0000000100000000)
  eden space 96256K, 53% used [0x00000000e0000000,0x00000000e31e1850,0x00000000e5e00000)
  from space 7168K, 97% used [0x00000000e8580000,0x00000000e8c566b8,0x00000000e8c80000)
  to   space 8704K, 0% used [0x00000000e7b80000,0x00000000e7b80000,0x00000000e8400000)
 ParOldGen       total 36352K, used 8115K [0x00000000a0000000, 0x00000000a2380000, 0x00000000e0000000)
  object space 36352K, 22% used [0x00000000a0000000,0x00000000a07ecdc0,0x00000000a2380000)
 Metaspace       used 29171K, capacity 29632K, committed 29952K, reserved 1075200K
  class space    used 4088K, capacity 4245K, committed 4352K, reserved 1048576K
GC Heap History (10 events):
Event: 2.990 GC heap before
{Heap before GC invocations=5 (full 0):
 PSYoungGen      total 35328K, used 35296K [0x00000000e0000000, 0x00000000e2500000, 0x0000000100000000)
  eden space 32768K, 100% used [0x00000000e0000000,0x00000000e2000000,0x00000000e2000000)
  from space 2560K, 98% used [0x00000000e2280000,0x00000000e24f8020,0x00000000e2500000)
  to   space 2560K, 0% used [0x00000000e2000000,0x00000000e2000000,0x00000000e2280000)
 ParOldGen       total 44032K, used 3132K [0x00000000a0000000, 0x00000000a2b00000, 0x00000000e0000000)
  object space 44032K, 7% used [0x00000000a0000000,0x00000000a030f080,0x00000000a2b00000)
 Metaspace       used 14398K, capacity 14726K, committed 14976K, reserved 1062912K
  class space    used 2015K, capacity 2155K, committed 2176K, reserved 1048576K
Event: 3.003 GC heap after
Heap after GC invocations=5 (full 0):
 PSYoungGen      total 35328K, used 2528K [0x00000000e0000000, 0x00000000e4d00000, 0x0000000100000000)
  eden space 32768K, 0% used [0x00000000e0000000,0x00000000e0000000,0x00000000e2000000)
  from space 2560K, 98% used [0x00000000e2000000,0x00000000e2278040,0x00000000e2280000)
  to   space 6656K, 0% used [0x00000000e4680000,0x00000000e4680000,0x00000000e4d00000)
 ParOldGen       total 44032K, used 6793K [0x00000000a0000000, 0x00000000a2b00000, 0x00000000e0000000)
  object space 44032K, 15% used [0x00000000a0000000,0x00000000a06a2450,0x00000000a2b00000)
 Metaspace       used 14398K, capacity 14726K, committed 14976K, reserved 1062912K
  class space    used 2015K, capacity 2155K, committed 2176K, reserved 1048576K
}
Event: 3.989 GC heap before
{Heap before GC invocations=6 (full 0):
 PSYoungGen      total 35328K, used 35296K [0x00000000e0000000, 0x00000000e4d00000, 0x0000000100000000)
  eden space 32768K, 100% used [0x00000000e0000000,0x00000000e2000000,0x00000000e2000000)
  from space 2560K, 98% used [0x00000000e2000000,0x00000000e2278040,0x00000000e2280000)
  to   space 6656K, 0% used [0x00000000e4680000,0x00000000e4680000,0x00000000e4d00000)
 ParOldGen       total 44032K, used 6793K [0x00000000a0000000, 0x00000000a2b00000, 0x00000000e0000000)
  object space 44032K, 15% used [0x00000000a0000000,0x00000000a06a2450,0x00000000a2b00000)
 Metaspace       used 17594K, capacity 17952K, committed 18048K, reserved 1064960K
  class space    used 2538K, capacity 2686K, committed 2688K, reserved 1048576K
Event: 4.003 GC heap after
Heap after GC invocations=6 (full 0):
 PSYoungGen      total 71168K, used 6595K [0x00000000e0000000, 0x00000000e4f00000, 0x0000000100000000)
  eden space 64512K, 0% used [0x00000000e0000000,0x00000000e0000000,0x00000000e3f00000)
  from space 6656K, 99% used [0x00000000e4680000,0x00000000e4cf0e88,0x00000000e4d00000)
  to   space 7680K, 0% used [0x00000000e3f00000,0x00000000e3f00000,0x00000000e4680000)
 ParOldGen       total 44032K, used 6801K [0x00000000a0000000, 0x00000000a2b00000, 0x00000000e0000000)
  object space 44032K, 15% used [0x00000000a0000000,0x00000000a06a4450,0x00000000a2b00000)
 Metaspace       used 17594K, capacity 17952K, committed 18048K, reserved 1064960K
  class space    used 2538K, capacity 2686K, committed 2688K, reserved 1048576K
}
Event: 4.587 GC heap before
{Heap before GC invocations=7 (full 0):
 PSYoungGen      total 71168K, used 20797K [0x00000000e0000000, 0x00000000e4f00000, 0x0000000100000000)
  eden space 64512K, 22% used [0x00000000e0000000,0x00000000e0dde8c8,0x00000000e3f00000)
  from space 6656K, 99% used [0x00000000e4680000,0x00000000e4cf0e88,0x00000000e4d00000)
  to   space 7680K, 0% used [0x00000000e3f00000,0x00000000e3f00000,0x00000000e4680000)
 ParOldGen       total 44032K, used 6801K [0x00000000a0000000, 0x00000000a2b00000, 0x00000000e0000000)
  object space 44032K, 15% used [0x00000000a0000000,0x00000000a06a4450,0x00000000a2b00000)
 Metaspace       used 20837K, capacity 21216K, committed 21248K, reserved 1067008K
  class space    used 2909K, capacity 3070K, committed 3072K, reserved 1048576K
Event: 4.598 GC heap after
Heap after GC invocations=7 (full 0):
 PSYoungGen      total 72192K, used 5581K [0x00000000e0000000, 0x00000000e8d00000, 0x0000000100000000)
  eden space 64512K, 0% used [0x00000000e0000000,0x00000000e0000000,0x00000000e3f00000)
  from space 7680K, 72% used [0x00000000e3f00000,0x00000000e44736d8,0x00000000e4680000)
  to   space 7680K, 0% used [0x00000000e8580000,0x00000000e8580000,0x00000000e8d00000)
 ParOldGen       total 44032K, used 7763K [0x00000000a0000000, 0x00000000a2b00000, 0x00000000e0000000)
  object space 44032K, 17% used [0x00000000a0000000,0x00000000a0794f90,0x00000000a2b00000)
 Metaspace       used 20837K, capacity 21216K, committed 21248K, reserved 1067008K
  class space    used 2909K, capacity 3070K, committed 3072K, reserved 1048576K
}
Event: 4.598 GC heap before
{Heap before GC invocations=8 (full 1):
 PSYoungGen      total 72192K, used 5581K [0x00000000e0000000, 0x00000000e8d00000, 0x0000000100000000)
  eden space 64512K, 0% used [0x00000000e0000000,0x00000000e0000000,0x00000000e3f00000)
  from space 7680K, 72% used [0x00000000e3f00000,0x00000000e44736d8,0x00000000e4680000)
  to   space 7680K, 0% used [0x00000000e8580000,0x00000000e8580000,0x00000000e8d00000)
 ParOldGen       total 44032K, used 7763K [0x00000000a0000000, 0x00000000a2b00000, 0x00000000e0000000)
  object space 44032K, 17% used [0x00000000a0000000,0x00000000a0794f90,0x00000000a2b00000)
 Metaspace       used 20837K, capacity 21216K, committed 21248K, reserved 1067008K
  class space    used 2909K, capacity 3070K, committed 3072K, reserved 1048576K
Event: 4.660 GC heap after
Heap after GC invocations=8 (full 1):
 PSYoungGen      total 72192K, used 0K [0x00000000e0000000, 0x00000000e8d00000, 0x0000000100000000)
  eden space 64512K, 0% used [0x00000000e0000000,0x00000000e0000000,0x00000000e3f00000)
  from space 7680K, 0% used [0x00000000e3f00000,0x00000000e3f00000,0x00000000e4680000)
  to   space 7680K, 0% used [0x00000000e8580000,0x00000000e8580000,0x00000000e8d00000)
 ParOldGen       total 36352K, used 8107K [0x00000000a0000000, 0x00000000a2380000, 0x00000000e0000000)
  object space 36352K, 22% used [0x00000000a0000000,0x00000000a07eadc0,0x00000000a2380000)
 Metaspace       used 20837K, capacity 21216K, committed 21248K, reserved 1067008K
  class space    used 2909K, capacity 3070K, committed 3072K, reserved 1048576K
}
Event: 5.897 GC heap before
{Heap before GC invocations=9 (full 1):
 PSYoungGen      total 72192K, used 64512K [0x00000000e0000000, 0x00000000e8d00000, 0x0000000100000000)
  eden space 64512K, 100% used [0x00000000e0000000,0x00000000e3f00000,0x00000000e3f00000)
  from space 7680K, 0% used [0x00000000e3f00000,0x00000000e3f00000,0x00000000e4680000)
  to   space 7680K, 0% used [0x00000000e8580000,0x00000000e8580000,0x00000000e8d00000)
 ParOldGen       total 36352K, used 8107K [0x00000000a0000000, 0x00000000a2380000, 0x00000000e0000000)
  object space 36352K, 22% used [0x00000000a0000000,0x00000000a07eadc0,0x00000000a2380000)
 Metaspace       used 26497K, capacity 27040K, committed 27136K, reserved 1073152K
  class space    used 3659K, capacity 3829K, committed 3840K, reserved 1048576K
Event: 5.908 GC heap after
Heap after GC invocations=9 (full 1):
 PSYoungGen      total 103424K, used 7001K [0x00000000e0000000, 0x00000000e8c80000, 0x0000000100000000)
  eden space 96256K, 0% used [0x00000000e0000000,0x00000000e0000000,0x00000000e5e00000)
  from space 7168K, 97% used [0x00000000e8580000,0x00000000e8c566b8,0x00000000e8c80000)
  to   space 8704K, 0% used [0x00000000e7b80000,0x00000000e7b80000,0x00000000e8400000)
 ParOldGen       total 36352K, used 8115K [0x00000000a0000000, 0x00000000a2380000, 0x00000000e0000000)
  object space 36352K, 22% used [0x00000000a0000000,0x00000000a07ecdc0,0x00000000a2380000)
 Metaspace       used 26497K, capacity 27040K, committed 27136K, reserved 1073152K
  class space    used 3659K, capacity 3829K, committed 3840K, reserved 1048576K
}

